<?xml version="1.0" encoding="utf-8"?>
<test-run id="2" testcasecount="15" result="Failed(Child)" total="15" passed="14" failed="1" inconclusive="0" skipped="0" asserts="0" engine-version="3.5.0.0" clr-version="4.0.30319.42000" start-time="2026-05-11 13:27:10Z" end-time="2026-05-11 13:27:11Z" duration="0.1627103">
  <test-suite type="TestSuite" id="1029" name="Ling_GPU_PhysicsEngine" fullname="Ling_GPU_PhysicsEngine" runstate="Runnable" testcasecount="15" result="Failed" site="Child" start-time="2026-05-11 13:27:10Z" end-time="2026-05-11 13:27:11Z" duration="0.162710" total="15" passed="14" failed="1" inconclusive="0" skipped="0" asserts="0">
    <properties>
      <property name="platform" value="EditMode" />
    </properties>
    <failure>
      <message><![CDATA[One or more child tests had errors]]></message>
    </failure>
    <test-suite type="Assembly" id="1017" name="MassGPUPhysics.Stage7.Tests.dll" fullname="E:/GitHub/Ling_GPU_PhysicsEngine/Ling_GPU_PhysicsEngine/Library/ScriptAssemblies/MassGPUPhysics.Stage7.Tests.dll" runstate="Runnable" testcasecount="15" result="Failed" site="Child" start-time="2026-05-11 13:27:10Z" end-time="2026-05-11 13:27:11Z" duration="0.142937" total="15" passed="14" failed="1" inconclusive="0" skipped="0" asserts="0">
      <properties>
        <property name="_PID" value="10208" />
        <property name="_APPDOMAIN" value="Unity Child Domain" />
        <property name="platform" value="EditMode" />
        <property name="EditorOnly" value="True" />
      </properties>
      <failure>
        <message><![CDATA[One or more child tests had errors]]></message>
      </failure>
      <test-suite type="TestSuite" id="1018" name="MassGPUPhysics" fullname="MassGPUPhysics" runstate="Runnable" testcasecount="15" result="Failed" site="Child" start-time="2026-05-11 13:27:10Z" end-time="2026-05-11 13:27:11Z" duration="0.142060" total="15" passed="14" failed="1" inconclusive="0" skipped="0" asserts="0">
        <properties />
        <failure>
          <message><![CDATA[One or more child tests had errors]]></message>
        </failure>
        <test-suite type="TestSuite" id="1019" name="Stage7" fullname="MassGPUPhysics.Stage7" runstate="Runnable" testcasecount="15" result="Failed" site="Child" start-time="2026-05-11 13:27:10Z" end-time="2026-05-11 13:27:11Z" duration="0.141562" total="15" passed="14" failed="1" inconclusive="0" skipped="0" asserts="0">
          <properties />
          <failure>
            <message><![CDATA[One or more child tests had errors]]></message>
          </failure>
          <test-suite type="TestSuite" id="1020" name="Tests" fullname="MassGPUPhysics.Stage7.Tests" runstate="Runnable" testcasecount="15" result="Failed" site="Child" start-time="2026-05-11 13:27:10Z" end-time="2026-05-11 13:27:11Z" duration="0.140956" total="15" passed="14" failed="1" inconclusive="0" skipped="0" asserts="0">
            <properties />
            <failure>
              <message><![CDATA[One or more child tests had errors]]></message>
            </failure>
            <test-suite type="TestFixture" id="1001" name="Stage7PropertyTests" fullname="MassGPUPhysics.Stage7.Tests.Stage7PropertyTests" classname="MassGPUPhysics.Stage7.Tests.Stage7PropertyTests" runstate="Runnable" testcasecount="15" result="Failed" site="Child" start-time="2026-05-11 13:27:10Z" end-time="2026-05-11 13:27:11Z" duration="0.139084" total="15" passed="14" failed="1" inconclusive="0" skipped="0" asserts="0">
              <properties />
              <failure>
                <message><![CDATA[One or more child tests had errors]]></message>
              </failure>
              <test-case id="1002" name="AgentDataStrideRemains56Bytes" fullname="MassGPUPhysics.Stage7.Tests.Stage7PropertyTests.AgentDataStrideRemains56Bytes" methodname="AgentDataStrideRemains56Bytes" classname="MassGPUPhysics.Stage7.Tests.Stage7PropertyTests" runstate="Runnable" seed="1216276824" result="Passed" start-time="2026-05-11 13:27:10Z" end-time="2026-05-11 13:27:10Z" duration="0.017743" asserts="0">
                <properties>
                  <property name="retryIteration" value="0" />
                  <property name="repeatIteration" value="0" />
                </properties>
              </test-case>
              <test-case id="1013" name="AnimationMapsStatesAndClampsDeathTime" fullname="MassGPUPhysics.Stage7.Tests.Stage7PropertyTests.AnimationMapsStatesAndClampsDeathTime" methodname="AnimationMapsStatesAndClampsDeathTime" classname="MassGPUPhysics.Stage7.Tests.Stage7PropertyTests" runstate="Runnable" seed="2118114872" result="Passed" start-time="2026-05-11 13:27:10Z" end-time="2026-05-11 13:27:10Z" duration="0.002587" asserts="0">
                <properties>
                  <property name="retryIteration" value="0" />
                  <property name="repeatIteration" value="0" />
                </properties>
              </test-case>
              <test-case id="1014" name="CombatExcludesDeadAndSameTeamAndComputesDamage" fullname="MassGPUPhysics.Stage7.Tests.Stage7PropertyTests.CombatExcludesDeadAndSameTeamAndComputesDamage" methodname="CombatExcludesDeadAndSameTeamAndComputesDamage" classname="MassGPUPhysics.Stage7.Tests.Stage7PropertyTests" runstate="Runnable" seed="1015208191" result="Passed" start-time="2026-05-11 13:27:10Z" end-time="2026-05-11 13:27:10Z" duration="0.002369" asserts="0">
                <properties>
                  <property name="retryIteration" value="0" />
                  <property name="repeatIteration" value="0" />
                </properties>
              </test-case>
              <test-case id="1008" name="DensityGradientAvoidanceUsesFiniteDifferenceOppositeGradient" fullname="MassGPUPhysics.Stage7.Tests.Stage7PropertyTests.DensityGradientAvoidanceUsesFiniteDifferenceOppositeGradient" methodname="DensityGradientAvoidanceUsesFiniteDifferenceOppositeGradient" classname="MassGPUPhysics.Stage7.Tests.Stage7PropertyTests" runstate="Runnable" seed="2000902445" result="Failed" start-time="2026-05-11 13:27:10Z" end-time="2026-05-11 13:27:11Z" duration="0.065912" asserts="0">
                <properties>
                  <property name="retryIteration" value="0" />
                  <property name="repeatIteration" value="0" />
                </properties>
                <failure>
                  <message><![CDATA[  Expected: 1.41421354f +/- 9.99999975E-05f
  But was:  -2.0f
]]></message>
                  <stack-trace><![CDATA[at MassGPUPhysics.Stage7.Tests.Stage7PropertyTests.DensityGradientAvoidanceUsesFiniteDifferenceOppositeGradient () [0x0007d] in E:\GitHub\Ling_GPU_PhysicsEngine\Ling_GPU_PhysicsEngine\Assets\MassGPUPhysics_Stage7\Tests\EditMode\Stage7PropertyTests.cs:124
]]></stack-trace>
                </failure>
              </test-case>
              <test-case id="1007" name="DensityMapAccumulationCountsAliveAgentsPerFlowCell" fullname="MassGPUPhysics.Stage7.Tests.Stage7PropertyTests.DensityMapAccumulationCountsAliveAgentsPerFlowCell" methodname="DensityMapAccumulationCountsAliveAgentsPerFlowCell" classname="MassGPUPhysics.Stage7.Tests.Stage7PropertyTests" runstate="Runnable" seed="1556650954" result="Passed" start-time="2026-05-11 13:27:11Z" end-time="2026-05-11 13:27:11Z" duration="0.000838" asserts="0">
                <properties>
                  <property name="retryIteration" value="0" />
                  <property name="repeatIteration" value="0" />
                </properties>
              </test-case>
              <test-case id="1012" name="FlockingConfigMovementOptimizationDefaultsAndClamps" fullname="MassGPUPhysics.Stage7.Tests.Stage7PropertyTests.FlockingConfigMovementOptimizationDefaultsAndClamps" methodname="FlockingConfigMovementOptimizationDefaultsAndClamps" classname="MassGPUPhysics.Stage7.Tests.Stage7PropertyTests" runstate="Runnable" seed="1945855589" result="Passed" start-time="2026-05-11 13:27:11Z" end-time="2026-05-11 13:27:11Z" duration="0.000967" asserts="0">
                <properties>
                  <property name="retryIteration" value="0" />
                  <property name="repeatIteration" value="0" />
                </properties>
              </test-case>
              <test-case id="1006" name="FlockingForcesSatisfySeparationAndAttractionProperties" fullname="MassGPUPhysics.Stage7.Tests.Stage7PropertyTests.FlockingForcesSatisfySeparationAndAttractionProperties" methodname="FlockingForcesSatisfySeparationAndAttractionProperties" classname="MassGPUPhysics.Stage7.Tests.Stage7PropertyTests" runstate="Runnable" seed="732849935" result="Passed" start-time="2026-05-11 13:27:11Z" end-time="2026-05-11 13:27:11Z" duration="0.002238" asserts="0">
                <properties>
                  <property name="retryIteration" value="0" />
                  <property name="repeatIteration" value="0" />
                </properties>
              </test-case>
              <test-case id="1005" name="FlowVelocityDirectionAndWeightAreConsistent" fullname="MassGPUPhysics.Stage7.Tests.Stage7PropertyTests.FlowVelocityDirectionAndWeightAreConsistent" methodname="FlowVelocityDirectionAndWeightAreConsistent" classname="MassGPUPhysics.Stage7.Tests.Stage7PropertyTests" runstate="Runnable" seed="371818095" result="Passed" start-time="2026-05-11 13:27:11Z" end-time="2026-05-11 13:27:11Z" duration="0.001370" asserts="0">
                <properties>
                  <property name="retryIteration" value="0" />
                  <property name="repeatIteration" value="0" />
                </properties>
              </test-case>
              <test-case id="1003" name="PublicConfigurationFieldCountStaysBelowLimit" fullname="MassGPUPhysics.Stage7.Tests.Stage7PropertyTests.PublicConfigurationFieldCountStaysBelowLimit" methodname="PublicConfigurationFieldCountStaysBelowLimit" classname="MassGPUPhysics.Stage7.Tests.Stage7PropertyTests" runstate="Runnable" seed="2068653824" result="Passed" start-time="2026-05-11 13:27:11Z" end-time="2026-05-11 13:27:11Z" duration="0.002494" asserts="0">
                <properties>
                  <property name="retryIteration" value="0" />
                  <property name="repeatIteration" value="0" />
                </properties>
              </test-case>
              <test-case id="1009" name="SeparationSkipFrameAppliesOnlyOnModuloZeroFrames" fullname="MassGPUPhysics.Stage7.Tests.Stage7PropertyTests.SeparationSkipFrameAppliesOnlyOnModuloZeroFrames" methodname="SeparationSkipFrameAppliesOnlyOnModuloZeroFrames" classname="MassGPUPhysics.Stage7.Tests.Stage7PropertyTests" runstate="Runnable" seed="458311855" result="Passed" start-time="2026-05-11 13:27:11Z" end-time="2026-05-11 13:27:11Z" duration="0.001172" asserts="0">
                <properties>
                  <property name="retryIteration" value="0" />
                  <property name="repeatIteration" value="0" />
                </properties>
              </test-case>
              <test-case id="1004" name="SpawnedAgentsRemainInsideSpawnArea" fullname="MassGPUPhysics.Stage7.Tests.Stage7PropertyTests.SpawnedAgentsRemainInsideSpawnArea" methodname="SpawnedAgentsRemainInsideSpawnArea" classname="MassGPUPhysics.Stage7.Tests.Stage7PropertyTests" runstate="Runnable" seed="65581840" result="Passed" start-time="2026-05-11 13:27:11Z" end-time="2026-05-11 13:27:11Z" duration="0.002594" asserts="0">
                <properties>
                  <property name="retryIteration" value="0" />
                  <property name="repeatIteration" value="0" />
                </properties>
              </test-case>
              <test-case id="1015" name="StateMachineAcceptsOnlyLegalTransitionsAndResolvesPriority" fullname="MassGPUPhysics.Stage7.Tests.Stage7PropertyTests.StateMachineAcceptsOnlyLegalTransitionsAndResolvesPriority" methodname="StateMachineAcceptsOnlyLegalTransitionsAndResolvesPriority" classname="MassGPUPhysics.Stage7.Tests.Stage7PropertyTests" runstate="Runnable" seed="1636455298" result="Passed" start-time="2026-05-11 13:27:11Z" end-time="2026-05-11 13:27:11Z" duration="0.003901" asserts="0">
                <properties>
                  <property name="retryIteration" value="0" />
                  <property name="repeatIteration" value="0" />
                </properties>
              </test-case>
              <test-case id="1016" name="UnitTypeRegistryCreatesConfiguredSubclassWithoutCoreChanges" fullname="MassGPUPhysics.Stage7.Tests.Stage7PropertyTests.UnitTypeRegistryCreatesConfiguredSubclassWithoutCoreChanges" methodname="UnitTypeRegistryCreatesConfiguredSubclassWithoutCoreChanges" classname="MassGPUPhysics.Stage7.Tests.Stage7PropertyTests" runstate="Runnable" seed="1546183175" result="Passed" start-time="2026-05-11 13:27:11Z" end-time="2026-05-11 13:27:11Z" duration="0.009318" asserts="0">
                <properties>
                  <property name="retryIteration" value="0" />
                  <property name="repeatIteration" value="0" />
                </properties>
                <output><![CDATA[MovementConfig is null; runtime defaults will be used.
FlockingConfig is null; runtime defaults will be used.
AnimationConfig is null; runtime defaults will be used.
CombatConfig is null; runtime defaults will be used.
RenderConfig is null; rendering must be configured separately.
]]></output>
              </test-case>
              <test-case id="1010" name="WanderHashIsDeterministicAndBounded" fullname="MassGPUPhysics.Stage7.Tests.Stage7PropertyTests.WanderHashIsDeterministicAndBounded" methodname="WanderHashIsDeterministicAndBounded" classname="MassGPUPhysics.Stage7.Tests.Stage7PropertyTests" runstate="Runnable" seed="1815221941" result="Passed" start-time="2026-05-11 13:27:11Z" end-time="2026-05-11 13:27:11Z" duration="0.000533" asserts="0">
                <properties>
                  <property name="retryIteration" value="0" />
                  <property name="repeatIteration" value="0" />
                </properties>
              </test-case>
              <test-case id="1011" name="WanderRotationPreservesDirectionMagnitude" fullname="MassGPUPhysics.Stage7.Tests.Stage7PropertyTests.WanderRotationPreservesDirectionMagnitude" methodname="WanderRotationPreservesDirectionMagnitude" classname="MassGPUPhysics.Stage7.Tests.Stage7PropertyTests" runstate="Runnable" seed="856983731" result="Passed" start-time="2026-05-11 13:27:11Z" end-time="2026-05-11 13:27:11Z" duration="0.000532" asserts="0">
                <properties>
                  <property name="retryIteration" value="0" />
                  <property name="repeatIteration" value="0" />
                </properties>
                <output><![CDATA[Saving results to: C:/Users/Administrator/AppData/LocalLow/DefaultCompany/Ling_GPU_PhysicsEngine\TestResults.xml
]]></output>
              </test-case>
            </test-suite>
          </test-suite>
        </test-suite>
      </test-suite>
    </test-suite>
  </test-suite>
</test-run>